<?xml version="1.0" encoding="UTF-8"?>
<robot generator="Robot 7.4.2 (Python 3.14.5 on win32)" generated="2026-06-03T19:37:27.354902" rpa="false" schemaversion="5">
<suite id="s1" name="Test Calendrier" source="C:\Users\costa\Documents\LaClichoisehandball\test_calendrier.robot">
<test id="s1-t1" name="Vérifier le titre du calendrier" line="8">
<kw name="Open Browser" owner="SeleniumLibrary">
<msg time="2026-06-03T19:37:27.718009" level="INFO">Opening browser 'chrome' to base url 'file://C:\Users\costa\Documents\LaClichoisehandball/calendrier.html'.</msg>
<arg>${URL}</arg>
<arg>chrome</arg>
<doc>Opens a new browser instance to the optional ``url``.</doc>
<status status="PASS" start="2026-06-03T19:37:27.717563" elapsed="1.094684"/>
</kw>
<kw name="Page Should Contain" owner="SeleniumLibrary">
<msg time="2026-06-03T19:37:28.837519" level="INFO">Current page contains text 'Calendrier'.</msg>
<arg>Calendrier</arg>
<doc>Verifies that current page contains ``text``.</doc>
<status status="PASS" start="2026-06-03T19:37:28.813040" elapsed="0.024762"/>
</kw>
<kw name="Close Browser" owner="SeleniumLibrary">
<doc>Closes the current browser.</doc>
<status status="PASS" start="2026-06-03T19:37:28.838474" elapsed="2.312214"/>
</kw>
<status status="PASS" start="2026-06-03T19:37:27.716006" elapsed="3.435313"/>
</test>
<status status="PASS" start="2026-06-03T19:37:27.356694" elapsed="3.795711"/>
</suite>
<statistics>
<total>
<stat pass="1" fail="0" skip="0">All Tests</stat>
</total>
<tag>
</tag>
<suite>
<stat name="Test Calendrier" id="s1" pass="1" fail="0" skip="0">Test Calendrier</stat>
</suite>
</statistics>
<errors>
</errors>
</robot>
